<?xml version="1.0" encoding="UTF-8" ?>
<testsuite tests="14" failures="0" name="TestBun" time="0.084" errors="2" skipped="0">
  <properties>
[...]
</properties>
  <testcase classname="TestBun" name="unitTestGetName[0: IngredientType value:20, Price value:, Name value:{2}]" time="0.035"/>
  <testcase classname="TestBun" name="unitTestGetPrice[0: IngredientType value:20, Price value:, Name value:{2}]" time="0"/>
  <testcase classname="TestBun" name="unitTestGetName[1: IngredientType value:20,2, Price value:   , Name value:{2}]" time="0"/>
  <testcase classname="TestBun" name="unitTestGetPrice[1: IngredientType value:20,2, Price value:   , Name value:{2}]" time="0"/>
  <testcase classname="TestBun" name="unitTestGetName[2: IngredientType value:-20, Price value:Vasya, Name value:{2}]" time="0.011"/>
  <testcase classname="TestBun" name="unitTestGetPrice[2: IngredientType value:-20, Price value:Vasya, Name value:{2}]" time="0.002"/>
  <testcase classname="TestBun" name="unitTestGetName[3: IngredientType value:-20,2, Price value:Вася, Name value:{2}]" time="0.005"/>
  <testcase classname="TestBun" name="unitTestGetPrice[3: IngredientType value:-20,2, Price value:Вася, Name value:{2}]" time="0.002"/>
  <testcase classname="TestBun" name="unitTestGetName[4: IngredientType value:0, Price value:^(#^&amp;*$*#^$, Name value:{2}]" time="0.001"/>
  <testcase classname="TestBun" name="unitTestGetPrice[4: IngredientType value:0, Price value:^(#^&amp;*$*#^$, Name value:{2}]" time="0"/>
  <testcase classname="TestBun" name="unitTestGetName[5: IngredientType value:20, Price value:null, Name value:{2}]" time="0.028">
    <error message="argument type mismatch" type="java.lang.IllegalArgumentException">java.lang.IllegalArgumentException: argument type mismatch
	at java.base/jdk.internal.reflect.NativeConstructorAccessorImpl.newInstance0(Native Method)
	at java.base/jdk.internal.reflect.NativeConstructorAccessorImpl.newInstance(NativeConstructorAccessorImpl.java:77)
	at java.base/jdk.internal.reflect.DelegatingConstructorAccessorImpl.newInstance(DelegatingConstructorAccessorImpl.java:45)
	at java.base/java.lang.reflect.Constructor.newInstanceWithCaller(Constructor.java:499)
	at java.base/java.lang.reflect.Constructor.newInstance(Constructor.java:480)
	at org.junit.runners.parameterized.BlockJUnit4ClassRunnerWithParameters.createTestUsingConstructorInjection(BlockJUnit4ClassRunnerWithParameters.java:56)
	at org.junit.runners.parameterized.BlockJUnit4ClassRunnerWithParameters.createTest(BlockJUnit4ClassRunnerWithParameters.java:46)
	at org.junit.runners.BlockJUnit4ClassRunner.createTest(BlockJUnit4ClassRunner.java:260)
	at org.junit.runners.BlockJUnit4ClassRunner$2.runReflectiveCall(BlockJUnit4ClassRunner.java:309)
	at org.junit.internal.runners.model.ReflectiveCallable.run(ReflectiveCallable.java:12)
	at org.junit.runners.BlockJUnit4ClassRunner.methodBlock(BlockJUnit4ClassRunner.java:306)
	at org.junit.runners.BlockJUnit4ClassRunner$1.evaluate(BlockJUnit4ClassRunner.java:100)
	at org.junit.runners.ParentRunner.runLeaf(ParentRunner.java:366)
	at org.junit.runners.BlockJUnit4ClassRunner.runChild(BlockJUnit4ClassRunner.java:103)
	at org.junit.runners.BlockJUnit4ClassRunner.runChild(BlockJUnit4ClassRunner.java:63)
	at org.junit.runners.ParentRunner$4.run(ParentRunner.java:331)
	at org.junit.runners.ParentRunner$1.schedule(ParentRunner.java:79)
	at org.junit.runners.ParentRunner.runChildren(ParentRunner.java:329)
	at org.junit.runners.ParentRunner.access$100(ParentRunner.java:66)
	at org.junit.runners.ParentRunner$2.evaluate(ParentRunner.java:293)
	at org.junit.runners.ParentRunner.run(ParentRunner.java:413)
	at org.junit.runners.Suite.runChild(Suite.java:128)
	at org.junit.runners.Suite.runChild(Suite.java:27)
	at org.junit.runners.ParentRunner$4.run(ParentRunner.java:331)
	at org.junit.runners.ParentRunner$1.schedule(ParentRunner.java:79)
	at org.junit.runners.ParentRunner.runChildren(ParentRunner.java:329)
	at org.junit.runners.ParentRunner.access$100(ParentRunner.java:66)
	at org.junit.runners.ParentRunner$2.evaluate(ParentRunner.java:293)
	at org.junit.runners.ParentRunner$3.evaluate(ParentRunner.java:306)
	at org.junit.runners.ParentRunner.run(ParentRunner.java:413)
	at org.apache.maven.surefire.junit4.JUnit4Provider.execute(JUnit4Provider.java:252)
	at org.apache.maven.surefire.junit4.JUnit4Provider.executeTestSet(JUnit4Provider.java:141)
	at org.apache.maven.surefire.junit4.JUnit4Provider.invoke(JUnit4Provider.java:112)
	at java.base/jdk.internal.reflect.NativeMethodAccessorImpl.invoke0(Native Method)
	at java.base/jdk.internal.reflect.NativeMethodAccessorImpl.invoke(NativeMethodAccessorImpl.java:77)
	at java.base/jdk.internal.reflect.DelegatingMethodAccessorImpl.invoke(DelegatingMethodAccessorImpl.java:43)
	at java.base/java.lang.reflect.Method.invoke(Method.java:568)
	at org.apache.maven.surefire.util.ReflectionUtils.invokeMethodWithArray(ReflectionUtils.java:189)
	at org.apache.maven.surefire.booter.ProviderFactory$ProviderProxy.invoke(ProviderFactory.java:165)
	at org.apache.maven.surefire.booter.ProviderFactory.invokeProvider(ProviderFactory.java:85)
	at org.apache.maven.surefire.booter.ForkedBooter.runSuitesInProcess(ForkedBooter.java:115)
	at org.apache.maven.surefire.booter.ForkedBooter.main(ForkedBooter.java:75)
</error>
  </testcase>
  <testcase classname="TestBun" name="unitTestGetPrice[5: IngredientType value:20, Price value:null, Name value:{2}]" time="0">
    <error message="argument type mismatch" type="java.lang.IllegalArgumentException">java.lang.IllegalArgumentException: argument type mismatch
	at java.base/jdk.internal.reflect.NativeConstructorAccessorImpl.newInstance0(Native Method)
	at java.base/jdk.internal.reflect.NativeConstructorAccessorImpl.newInstance(NativeConstructorAccessorImpl.java:77)
	at java.base/jdk.internal.reflect.DelegatingConstructorAccessorImpl.newInstance(DelegatingConstructorAccessorImpl.java:45)
	at java.base/java.lang.reflect.Constructor.newInstanceWithCaller(Constructor.java:499)
	at java.base/java.lang.reflect.Constructor.newInstance(Constructor.java:480)
	at org.junit.runners.parameterized.BlockJUnit4ClassRunnerWithParameters.createTestUsingConstructorInjection(BlockJUnit4ClassRunnerWithParameters.java:56)
	at org.junit.runners.parameterized.BlockJUnit4ClassRunnerWithParameters.createTest(BlockJUnit4ClassRunnerWithParameters.java:46)
	at org.junit.runners.BlockJUnit4ClassRunner.createTest(BlockJUnit4ClassRunner.java:260)
	at org.junit.runners.BlockJUnit4ClassRunner$2.runReflectiveCall(BlockJUnit4ClassRunner.java:309)
	at org.junit.internal.runners.model.ReflectiveCallable.run(ReflectiveCallable.java:12)
	at org.junit.runners.BlockJUnit4ClassRunner.methodBlock(BlockJUnit4ClassRunner.java:306)
	at org.junit.runners.BlockJUnit4ClassRunner$1.evaluate(BlockJUnit4ClassRunner.java:100)
	at org.junit.runners.ParentRunner.runLeaf(ParentRunner.java:366)
	at org.junit.runners.BlockJUnit4ClassRunner.runChild(BlockJUnit4ClassRunner.java:103)
	at org.junit.runners.BlockJUnit4ClassRunner.runChild(BlockJUnit4ClassRunner.java:63)
	at org.junit.runners.ParentRunner$4.run(ParentRunner.java:331)
	at org.junit.runners.ParentRunner$1.schedule(ParentRunner.java:79)
	at org.junit.runners.ParentRunner.runChildren(ParentRunner.java:329)
	at org.junit.runners.ParentRunner.access$100(ParentRunner.java:66)
	at org.junit.runners.ParentRunner$2.evaluate(ParentRunner.java:293)
	at org.junit.runners.ParentRunner.run(ParentRunner.java:413)
	at org.junit.runners.Suite.runChild(Suite.java:128)
	at org.junit.runners.Suite.runChild(Suite.java:27)
	at org.junit.runners.ParentRunner$4.run(ParentRunner.java:331)
	at org.junit.runners.ParentRunner$1.schedule(ParentRunner.java:79)
	at org.junit.runners.ParentRunner.runChildren(ParentRunner.java:329)
	at org.junit.runners.ParentRunner.access$100(ParentRunner.java:66)
	at org.junit.runners.ParentRunner$2.evaluate(ParentRunner.java:293)
	at org.junit.runners.ParentRunner$3.evaluate(ParentRunner.java:306)
	at org.junit.runners.ParentRunner.run(ParentRunner.java:413)
	at org.apache.maven.surefire.junit4.JUnit4Provider.execute(JUnit4Provider.java:252)
	at org.apache.maven.surefire.junit4.JUnit4Provider.executeTestSet(JUnit4Provider.java:141)
	at org.apache.maven.surefire.junit4.JUnit4Provider.invoke(JUnit4Provider.java:112)
	at java.base/jdk.internal.reflect.NativeMethodAccessorImpl.invoke0(Native Method)
	at java.base/jdk.internal.reflect.NativeMethodAccessorImpl.invoke(NativeMethodAccessorImpl.java:77)
	at java.base/jdk.internal.reflect.DelegatingMethodAccessorImpl.invoke(DelegatingMethodAccessorImpl.java:43)
	at java.base/java.lang.reflect.Method.invoke(Method.java:568)
	at org.apache.maven.surefire.util.ReflectionUtils.invokeMethodWithArray(ReflectionUtils.java:189)
	at org.apache.maven.surefire.booter.ProviderFactory$ProviderProxy.invoke(ProviderFactory.java:165)
	at org.apache.maven.surefire.booter.ProviderFactory.invokeProvider(ProviderFactory.java:85)
	at org.apache.maven.surefire.booter.ForkedBooter.runSuitesInProcess(ForkedBooter.java:115)
	at org.apache.maven.surefire.booter.ForkedBooter.main(ForkedBooter.java:75)
</error>
  </testcase>
  <testcase classname="TestBun" name="unitTestGetName[6: IngredientType value:20, Price value:222, Name value:{2}]" time="0"/>
  <testcase classname="TestBun" name="unitTestGetPrice[6: IngredientType value:20, Price value:222, Name value:{2}]" time="0"/>
</testsuite>